

Started GET "/" for 127.0.0.1 at 2014-06-20 23:14:10 -0700
Processing by Rails::WelcomeController#index as HTML
  Rendered /usr/local/rvm/gems/ruby-1.9.3-p392/gems/railties-4.0.5/lib/rails/templates/rails/welcome/index.html.erb (2.0ms)
Completed 200 OK in 33ms (Views: 8.7ms | ActiveRecord: 0.0ms)


Started GET "/" for 127.0.0.1 at 2014-06-20 23:14:12 -0700
Processing by Rails::WelcomeController#index as HTML
  Rendered /usr/local/rvm/gems/ruby-1.9.3-p392/gems/railties-4.0.5/lib/rails/templates/rails/welcome/index.html.erb (0.0ms)
Completed 200 OK in 2ms (Views: 1.3ms | ActiveRecord: 0.0ms)


Started GET "/" for 127.0.0.1 at 2014-06-20 23:14:14 -0700
Processing by Rails::WelcomeController#index as HTML
  Rendered /usr/local/rvm/gems/ruby-1.9.3-p392/gems/railties-4.0.5/lib/rails/templates/rails/welcome/index.html.erb (0.0ms)
Completed 200 OK in 1ms (Views: 1.2ms | ActiveRecord: 0.0ms)


Started GET "/rails/info/properties" for 127.0.0.1 at 2014-06-20 23:14:32 -0700
Processing by Rails::InfoController#properties as */*
  Rendered /usr/local/rvm/gems/ruby-1.9.3-p392/gems/railties-4.0.5/lib/rails/templates/rails/info/properties.html.erb (0.3ms)
Completed 200 OK in 13ms (Views: 6.9ms | ActiveRecord: 1.3ms)


Started GET "/" for 127.0.0.1 at 2014-06-21 07:41:17 -0700
Processing by Rails::WelcomeController#index as HTML
  Rendered /usr/local/rvm/gems/ruby-1.9.3-p392/gems/railties-4.0.5/lib/rails/templates/rails/welcome/index.html.erb (0.0ms)
Completed 200 OK in 2ms (Views: 1.3ms | ActiveRecord: 0.0ms)
